Log file open, 07/30/20 13:04:23
LogWindows: Failed to load 'aqProf.dll' (GetLastError=126)
LogWindows: File 'aqProf.dll' does not exist
LogWindows: Failed to load 'VSPerf140.dll' (GetLastError=126)
LogWindows: File 'VSPerf140.dll' does not exist
LogWindows: Failed to load 'VtuneApi.dll' (GetLastError=126)
LogWindows: File 'VtuneApi.dll' does not exist
LogWindows: Failed to load 'VtuneApi32e.dll' (GetLastError=126)
LogWindows: File 'VtuneApi32e.dll' does not exist
LogInit: Display: Running engine for game: DangeonGame
LogPlatformFile: Not using cached read wrapper
LogInit: Display: RandInit(-2107869040) SRandInit(-2107869040).
LogTaskGraph: Started task graph with 5 named threads and 20 total threads with 3 sets of task threads.
LogStats: Stats thread started at 0.282707
LogD3D11RHI: Aftermath initialized
LogPluginManager: Mounting plugin Paper2D
LogPluginManager: Mounting plugin LightPropagationVolume
LogPluginManager: Mounting plugin CodeLiteSourceCodeAccess
LogPluginManager: Mounting plugin GitSourceControl
LogPluginManager: Mounting plugin KDevelopSourceCodeAccess
LogPluginManager: Mounting plugin NullSourceCodeAccess
LogPluginManager: Mounting plugin PerforceSourceControl
LogPluginManager: Mounting plugin SubversionSourceControl
LogPluginManager: Mounting plugin UObjectPlugin
LogPluginManager: Mounting plugin VisualStudioSourceCodeAccess
LogPluginManager: Mounting plugin XCodeSourceCodeAccess
LogPluginManager: Mounting plugin AssetManagerEditor
LogPluginManager: Mounting plugin AudioCapture
LogPluginManager: Mounting plugin FacialAnimation
LogPluginManager: Mounting plugin GameplayTagsEditor
LogPluginManager: Mounting plugin MobileLauncherProfileWizard
LogPluginManager: Mounting plugin PluginBrowser
LogPluginManager: Mounting plugin SpeedTreeImporter
LogPluginManager: Mounting plugin AlembicImporter
LogPluginManager: Mounting plugin CharacterAI
LogPluginManager: Mounting plugin HTML5Networking
LogPluginManager: Mounting plugin AndroidMedia
LogPluginManager: Mounting plugin AvfMedia
LogPluginManager: Mounting plugin MediaPlayerEditor
LogPluginManager: Mounting plugin WmfMedia
LogPluginManager: Mounting plugin TcpMessaging
LogPluginManager: Mounting plugin UdpMessaging
LogPluginManager: Mounting plugin LevelSequenceEditor
LogPluginManager: Mounting plugin MatineeToLevelSequence
LogPluginManager: Mounting plugin OnlineSubsystemGooglePlay
LogPluginManager: Mounting plugin OnlineSubsystemIOS
LogPluginManager: Mounting plugin OnlineSubsystem
LogPluginManager: Mounting plugin OnlineSubsystemNull
LogPluginManager: Mounting plugin OnlineSubsystemUtils
LogPluginManager: Mounting plugin AndroidDeviceProfileSelector
LogPluginManager: Mounting plugin AndroidMoviePlayer
LogPluginManager: Mounting plugin AndroidPermission
LogPluginManager: Mounting plugin AppleMoviePlayer
LogPluginManager: Mounting plugin ArchVisCharacter
LogPluginManager: Mounting plugin CableComponent
LogPluginManager: Mounting plugin CustomMeshComponent
LogPluginManager: Mounting plugin ExampleDeviceProfileSelector
LogPluginManager: Mounting plugin GoogleCloudMessaging
LogPluginManager: Mounting plugin ImmediatePhysics
LogPluginManager: Mounting plugin IOSDeviceProfileSelector
LogPluginManager: Mounting plugin LinuxDeviceProfileSelector
LogPluginManager: Mounting plugin LocationServicesBPLibrary
LogPluginManager: Mounting plugin MobilePatchingUtils
LogPluginManager: Mounting plugin OculusVR
LogPluginManager: Mounting plugin PhysXVehicles
LogPluginManager: Mounting plugin ProceduralMeshComponent
LogPluginManager: Mounting plugin RuntimePhysXCooking
LogPluginManager: Mounting plugin SteamVR
LogPluginManager: Mounting plugin WindowsMoviePlayer
LogInit: Using libcurl 7.47.1
LogInit:  - built for x86_64-pc-win32
LogInit:  - supports SSL with OpenSSL/1.0.2g
LogInit:  - supports HTTP deflate (compression) using libz 1.2.8
LogInit:  - other features:
LogInit:      CURL_VERSION_SSL
LogInit:      CURL_VERSION_LIBZ
LogInit:      CURL_VERSION_IPV6
LogInit:      CURL_VERSION_ASYNCHDNS
LogInit:      CURL_VERSION_LARGEFILE
LogInit:      CURL_VERSION_IDN
LogInit:  CurlRequestOptions (configurable via config and command line):
LogInit:  - bVerifyPeer = false  - Libcurl will NOT verify peer certificate
LogInit:  - bUseHttpProxy = false  - Libcurl will NOT use HTTP proxy
LogInit:  - bDontReuseConnections = false  - Libcurl will reuse connections
LogInit:  - CertBundlePath = nullptr  - Libcurl will use whatever was configured at build time.
LogInit: Build: ++UE4+Release-4.17-CL-3658906
LogInit: Engine Version: 4.17.2-3658906+++UE4+Release-4.17
LogInit: Compatible Engine Version: 4.17.0-3573198+++UE4+Release-4.17
LogInit: Net CL: 3573198
LogDevObjectVersion: Number of dev versions registered: 16
LogDevObjectVersion:   Dev-Blueprints (B0D832E4-1F89-4F0D-ACCF-7EB736FD4AA2): 10
LogDevObjectVersion:   Dev-Build (E1C64328-A22C-4D53-A36C-8E866417BD8C): 0
LogDevObjectVersion:   Dev-Core (375EC13C-06E4-48FB-B500-84F0262A717E): 2
LogDevObjectVersion:   Dev-Editor (E4B068ED-F494-42E9-A231-DA0B2E46BB41): 20
LogDevObjectVersion:   Dev-Framework (CFFC743F-43B0-4480-9391-14DF171D2073): 28
LogDevObjectVersion:   Dev-Mobile (B02B49B5-BB20-44E9-A304-32B752E40360): 0
LogDevObjectVersion:   Dev-Networking (A4E4105C-59A1-49B5-A7C5-40C4547EDFEE): 0
LogDevObjectVersion:   Dev-Online (39C831C9-5AE6-47DC-9A44-9C173E1C8E7C): 0
LogDevObjectVersion:   Dev-Physics (78F01B33-EBEA-4F98-B9B4-84EACCB95AA2): 0
LogDevObjectVersion:   Dev-Platform (6631380F-2D4D-43E0-8009-CF276956A95A): 0
LogDevObjectVersion:   Dev-Rendering (12F88B9F-8875-4AFC-A67C-D90C383ABD29): 19
LogDevObjectVersion:   Dev-Sequencer (7B5AE74C-D270-4C10-A958-57980B212A5A): 4
LogDevObjectVersion:   Dev-VR (D7296918-1DD6-4BDD-9DE2-64A83CC13884): 0
LogDevObjectVersion:   Dev-LoadTimes (C2A15278-BFE7-4AFE-6C17-90FF531DF755): 1
LogDevObjectVersion:   Private-Geometry (6EACA3D4-40EC-4CC1-B786-8BED09428FC5): 1
LogDevObjectVersion:   Dev-AnimPhys (29E575DD-E0A3-4627-9D10-D276232CDCEA): 7
LogInit: Compiled (64-bit): Sep 22 2017 13:47:16
LogInit: Compiled with Visual C++: 19.00.24215.01
LogInit: Build Configuration: Development
LogInit: Branch Name: ++UE4+Release-4.17
LogInit: Command line: -EpicPortal  -epicusername="liknlie7" -epicuserid=4873c9ba91b948aeb324e10d19ee9502 -epiclocale=ja
LogInit: Base directory: C:/Program Files/Epic Games/UE_4.17/Engine/Binaries/Win64/
LogInit: Installed Engine Build: 1
LogInit: Presizing for max 8388607 objects, including 0 objects not considered by GC, pre-allocating 0 bytes for permanent pool.
LogInit: Object subsystem initialized
[2020.07.30-04.04.24:594][  0]LogInit: Selected Device Profile: [Windows]
[2020.07.30-04.04.24:594][  0]LogInit: Applying CVar settings loaded from the selected device profile: [Windows]
[2020.07.30-04.04.24:612][  0]LogInit: Computer: GAME2001
[2020.07.30-04.04.24:612][  0]LogInit: User: s182242
[2020.07.30-04.04.24:612][  0]LogInit: CPU Page size=4096, Cores=6
[2020.07.30-04.04.24:612][  0]LogInit: High frequency timer resolution =10.000000 MHz
[2020.07.30-04.04.24:613][  0]LogMemory: Memory total: Physical=15.8GB (16GB approx)
[2020.07.30-04.04.24:613][  0]LogMemory: Platform Memory Stats for Windows
[2020.07.30-04.04.24:613][  0]LogMemory: Process Physical Memory: 282.24 MB used, 282.25 MB peak
[2020.07.30-04.04.24:613][  0]LogMemory: Process Virtual Memory: 280.73 MB used, 280.73 MB peak
[2020.07.30-04.04.24:613][  0]LogMemory: Physical Memory: 5906.24 MB used,  10323.19 MB free, 16229.43 MB total
[2020.07.30-04.04.24:613][  0]LogMemory: Virtual Memory: 4799.69 MB used,  10323.19 MB free, 134217728.00 MB total
[2020.07.30-04.04.25:076][  0]LogInit: Using OS detected language (ja-JP).
[2020.07.30-04.04.25:076][  0]LogInit: Using OS detected locale (ja-JP).
[2020.07.30-04.04.25:097][  0]LogTextLocalizationManager: No specific localization for 'ja-JP' exists, so the 'ja' localization will be used.
[2020.07.30-04.04.26:817][  0]LogD3D11RHI: D3D11 adapters:
[2020.07.30-04.04.27:134][  0]LogD3D11RHI:    0. 'NVIDIA GeForce GTX 1650 with Max-Q Design' (Feature Level 11_0)
[2020.07.30-04.04.27:134][  0]LogD3D11RHI:       3962/0/8114 MB DedicatedVideo/DedicatedSystem/SharedSystem, Outputs:1, VendorId:0x10de
[2020.07.30-04.04.27:187][  0]LogD3D11RHI:    1. 'Intel(R) UHD Graphics 630' (Feature Level 11_0)
[2020.07.30-04.04.27:187][  0]LogD3D11RHI:       128/0/8114 MB DedicatedVideo/DedicatedSystem/SharedSystem, Outputs:0, VendorId:0x8086
[2020.07.30-04.04.27:203][  0]LogD3D11RHI:    2. 'Microsoft Basic Render Driver' (Feature Level 11_0)
[2020.07.30-04.04.27:203][  0]LogD3D11RHI:       0/0/8114 MB DedicatedVideo/DedicatedSystem/SharedSystem, Outputs:0, VendorId:0x1414
[2020.07.30-04.04.27:203][  0]LogD3D11RHI: Chosen D3D11 Adapter: 0
[2020.07.30-04.04.27:237][  0]LogD3D11RHI: Creating new Direct3DDevice
[2020.07.30-04.04.27:237][  0]LogD3D11RHI:     GPU DeviceId: 0x1f91 (for the marketing name, search the web for "GPU Device Id")
[2020.07.30-04.04.27:237][  0]LogWindows: EnumDisplayDevices:
[2020.07.30-04.04.27:237][  0]LogWindows:    0. 'Intel(R) UHD Graphics 630' (P:1 D:1)
[2020.07.30-04.04.27:238][  0]LogWindows:    1. 'Intel(R) UHD Graphics 630' (P:0 D:0)
[2020.07.30-04.04.27:238][  0]LogWindows:    2. 'Intel(R) UHD Graphics 630' (P:0 D:0)
[2020.07.30-04.04.27:238][  0]LogWindows: DebugString: GetVideoDriverDetailsInvalid PrimaryIsNotTheChoosenAdapter GetVideoDriverDetailsInvalid PrimaryIsNotTheChoosenAdapter GetVideoDriverDetailsInvalid PrimaryIsNotTheChoosenAdapter FoundDriverCount:0 
[2020.07.30-04.04.27:238][  0]LogD3D11RHI:     Adapter Name: NVIDIA GeForce GTX 1650 with Max-Q Design
[2020.07.30-04.04.27:238][  0]LogD3D11RHI:   Driver Version: Unknown (internal:Unknown, unified:Unknown)
[2020.07.30-04.04.27:238][  0]LogD3D11RHI:      Driver Date: Unknown
[2020.07.30-04.04.27:238][  0]LogRHI: Texture pool is 1361 MB (70% of 1945 MB)
[2020.07.30-04.04.27:304][  0]LogD3D11RHI: Async texture creation enabled
[2020.07.30-04.04.27:321][  0]LogD3D11RHI: GPU Timing Frequency: 1000.000000 (Debug: 2 2)
[2020.07.30-04.04.27:322][  0]LogShaderCompilers: Guid format shader working directory is -22 characters bigger than the processId version (../../../../../../Users/s182242/Documents/Unreal Projects/DangeonGame/Intermediate/Shaders/WorkingDirectory/10700/).
[2020.07.30-04.04.27:322][  0]LogShaderCompilers: Cleaned the shader compiler working directory 'C:/Users/s182242/AppData/Local/Temp/UnrealShaderWorkingDir/7ED219184FE4C188F59F8F8BBF49A59E/'.
[2020.07.30-04.04.27:322][  0]LogShaderCompilers: Display: Using Local Shader Compiler.
[2020.07.30-04.04.29:153][  0]LogTemp: Display: Loaded TP AllDesktopTargetPlatform
[2020.07.30-04.04.29:253][  0]LogTemp: Display: Loaded TP MacClientTargetPlatform
[2020.07.30-04.04.29:357][  0]LogTemp: Display: Loaded TP MacNoEditorTargetPlatform
[2020.07.30-04.04.29:461][  0]LogTemp: Display: Loaded TP MacServerTargetPlatform
[2020.07.30-04.04.29:567][  0]LogTemp: Display: Loaded TP MacTargetPlatform
[2020.07.30-04.04.29:671][  0]LogTemp: Display: Loaded TP WindowsClientTargetPlatform
[2020.07.30-04.04.29:770][  0]LogTemp: Display: Loaded TP WindowsNoEditorTargetPlatform
[2020.07.30-04.04.29:869][  0]LogTemp: Display: Loaded TP WindowsServerTargetPlatform
[2020.07.30-04.04.29:962][  0]LogTemp: Display: Loaded TP WindowsTargetPlatform
[2020.07.30-04.04.30:061][  0]LogTemp: Display: Loaded TP AndroidTargetPlatform
[2020.07.30-04.04.30:159][  0]LogTemp: Display: Loaded TP Android_ASTCTargetPlatform
[2020.07.30-04.04.30:256][  0]LogTemp: Display: Loaded TP Android_ATCTargetPlatform
[2020.07.30-04.04.30:355][  0]LogTemp: Display: Loaded TP Android_DXTTargetPlatform
[2020.07.30-04.04.30:452][  0]LogTemp: Display: Loaded TP Android_ETC1TargetPlatform
[2020.07.30-04.04.30:549][  0]LogTemp: Display: Loaded TP Android_ETC2TargetPlatform
[2020.07.30-04.04.30:755][  0]LogTemp: Display: Loaded TP Android_MultiTargetPlatform
[2020.07.30-04.04.30:755][  0]LogTemp: Display: Loaded TP Android_PVRTCTargetPlatform
[2020.07.30-04.04.30:843][  0]LogTemp: Display: Loaded TP HTML5TargetPlatform
[2020.07.30-04.04.31:017][  0]LogTemp: Display: Loaded TP IOSTargetPlatform
[2020.07.30-04.04.31:061][  0]LogTemp: Display: Loaded TP TVOSTargetPlatform
[2020.07.30-04.04.31:164][  0]LogTemp: Display: Loaded TP LinuxClientTargetPlatform
[2020.07.30-04.04.31:261][  0]LogTemp: Display: Loaded TP LinuxNoEditorTargetPlatform
[2020.07.30-04.04.31:359][  0]LogTemp: Display: Loaded TP LinuxServerTargetPlatform
[2020.07.30-04.04.31:460][  0]LogTemp: Display: Loaded TP LinuxTargetPlatform
[2020.07.30-04.04.31:460][  0]LogTargetPlatformManager: Display: Building Assets For Windows
[2020.07.30-04.04.32:724][  0]LogDerivedDataCache: Display: Max Cache Size: 512 MB
[2020.07.30-04.04.32:857][  0]LogDerivedDataCache: Loaded boot cache 0.13s 93MB C:/Users/s182242/AppData/Local/UnrealEngine/4.17/DerivedDataCache/Boot.ddc.
[2020.07.30-04.04.32:857][  0]LogDerivedDataCache: Display: Loaded Boot cache: C:/Users/s182242/AppData/Local/UnrealEngine/4.17/DerivedDataCache/Boot.ddc
[2020.07.30-04.04.32:857][  0]LogDerivedDataCache: FDerivedDataBackendGraph:  Pak pak cache file ../../../../../../Users/s182242/Documents/Unreal Projects/DangeonGame/DerivedDataCache/DDC.ddp not found, will not use a pak cache.
[2020.07.30-04.04.32:857][  0]LogDerivedDataCache: Unable to find inner node Pak for hierarchical cache Hierarchy.
[2020.07.30-04.04.32:857][  0]LogDerivedDataCache: FDerivedDataBackendGraph:  CompressedPak pak cache file ../../../../../../Users/s182242/Documents/Unreal Projects/DangeonGame/DerivedDataCache/Compressed.ddp not found, will not use a pak cache.
[2020.07.30-04.04.32:857][  0]LogDerivedDataCache: Unable to find inner node CompressedPak for hierarchical cache Hierarchy.
[2020.07.30-04.04.32:871][  0]LogDerivedDataCache: Display: Pak cache opened for reading ../../../Engine/DerivedDataCache/Compressed.ddp.
[2020.07.30-04.04.32:887][  0]LogDerivedDataCache: Using Local data cache path C:/Users/s182242/AppData/Local/UnrealEngine/Common/DerivedDataCache: Writable
[2020.07.30-04.04.32:895][  0]LogMaterial: Verifying Global Shaders for PCD3D_SM5
[2020.07.30-04.04.32:895][  0]LogSlate: Using Freetype 2.6.0
[2020.07.30-04.04.32:899][  0]LogSlate: SlateFontCache - WITH_FREETYPE: 1, WITH_HARFBUZZ: 1
[2020.07.30-04.04.32:899][  0]LogSlate: SlateFontCache - WITH_FREETYPE: 1, WITH_HARFBUZZ: 1
[2020.07.30-04.04.36:570][  0]LogAssetRegistry: FAssetRegistry took 0.0259 seconds to start up
[2020.07.30-04.04.36:721][  0]LogInit: Selected Device Profile: [Windows]
[2020.07.30-04.04.37:465][  0]LogSimplygon: Simplygon DLL not present - disabling.
[2020.07.30-04.04.37:558][  0]LogMeshReduction: Using SimplygonSwarm for distributed automatic mesh merging
[2020.07.30-04.04.37:558][  0]LogMeshReduction: Using QuadricMeshReduction for automatic static mesh reduction
[2020.07.30-04.04.37:558][  0]LogMeshReduction: No automatic skeletal mesh reduction module available
[2020.07.30-04.04.37:558][  0]LogMeshReduction: No automatic mesh merging module available
[2020.07.30-04.04.37:558][  0]LogMeshMerging: No automatic mesh merging module available
[2020.07.30-04.04.37:569][  0]LogContentStreaming: Texture pool size is 0.00 MB
[2020.07.30-04.04.38:141][  0]LogNetVersion: DangeonGame , NetCL: 3573198, EngineNetVer: 2, GameNetVer: 0 (Checksum: 475587487)
[2020.07.30-04.04.38:462][  0]LogPackageLocalizationCache: Processed 5 localized package path(s) for 2 prioritized culture(s) in 0.068556 seconds
[2020.07.30-04.04.38:467][  0]LogUObjectArray: 35825 objects as part of root set at end of initial load.
[2020.07.30-04.04.38:467][  0]LogUObjectAllocator: 7529104 out of 0 bytes used by permanent object pool.
[2020.07.30-04.04.38:467][  0]LogUObjectArray: CloseDisregardForGC: 0/0 objects in disregard for GC pool
[2020.07.30-04.04.38:574][  0]LogInit: WinSock: version 1.1 (2.2), MaxSocks=32767, MaxUdp=65467
[2020.07.30-04.04.44:564][  0]LogTcpMessaging: Initializing TcpMessaging bridge
[2020.07.30-04.04.44:631][  0]LogUdpMessaging: Initializing bridge on interface 0.0.0.0:0 to multicast group 230.0.0.1:6666.
[2020.07.30-04.04.45:896][  0]LogMaterial: Uniform references updated for custom material expression Custom.
[2020.07.30-04.04.46:663][  0]SourceControl: ソースコントロールは無効です
[2020.07.30-04.04.46:663][  0]SourceControl: ソースコントロールは無効です
[2020.07.30-04.04.46:767][  0]SourceControl: ソースコントロールは無効です
[2020.07.30-04.04.46:869][  0]SourceControl: ソースコントロールは無効です
[2020.07.30-04.04.48:063][  0]LogAndroidPermission: UAndroidPermissionCallbackProxy::GetInstance
[2020.07.30-04.04.48:571][  0]LogOcInput: OculusInput pre-init called
[2020.07.30-04.04.49:060][  0]LogEngine: Initializing Engine...
[2020.07.30-04.04.49:063][  0]LogHMD: Failed to initialize OpenVR with code 110
[2020.07.30-04.04.49:390][  0]LogStats: UGameplayTagsManager::ConstructGameplayTagTree: Construct from data asset -  0.000 s
[2020.07.30-04.04.49:390][  0]LogStats: UGameplayTagsManager::ConstructGameplayTagTree: GameplayTagTreeChangedEvent.Broadcast -  0.000 s
[2020.07.30-04.04.49:679][  0]LogAIModule: Creating AISystem for world Untitled
[2020.07.30-04.04.49:705][  0]LogInit: XAudio2 using 'スピーカー (Realtek(R) Audio)' : 2 channels at 48 kHz using 32 bits per sample (channel mask 0x3)
[2020.07.30-04.04.49:804][  0]LogInit: FAudioDevice initialized.
[2020.07.30-04.04.49:852][  0]LogDerivedDataCache: Saved boot cache 0.05s 93MB C:/Users/s182242/AppData/Local/UnrealEngine/4.17/DerivedDataCache/Boot.ddc.
[2020.07.30-04.04.49:864][  0]LogInit: Texture streaming: Enabled
[2020.07.30-04.04.50:062][  0]LogEngineSessionManager: EngineSessionManager initialized
[2020.07.30-04.04.50:560][  0]LogInit: Transaction tracking system initialized
[2020.07.30-04.04.51:248][  0]BlueprintLog: New page: エディタの読み込み
[2020.07.30-04.04.53:200][  0]LocalizationService: ローカライズのサービスが無効になりました
[2020.07.30-04.04.54:664][  0]LogConsoleResponse: Display: 
[2020.07.30-04.04.54:880][  0]LogFileCache: Scanning file cache for directory 'C:/Users/s182242/Documents/Unreal Projects/DangeonGame/Content/' took 0.01s
[2020.07.30-04.04.54:880][  0]LogCook: Display: Max memory allowance for cook 16384mb min free memory 0mb
[2020.07.30-04.04.54:880][  0]LogCook: Display: Mobile HDR setting 1
[2020.07.30-04.04.54:880][  0]LogGameplayTags: Display: UGameplayTagsManager::DoneAddingNativeTags. DelegateIsBound: 0
[2020.07.30-04.04.57:070][  0]SourceControl: ソースコントロールは無効です
[2020.07.30-04.04.57:070][  0]Cmd: MAP LOAD FILE="../../../Engine/Content/Maps/Templates/Template_Default.umap" TEMPLATE=1 SHOWPROGRESS=1 FEATURELEVEL=3
[2020.07.30-04.04.57:071][  0]LightingResults: New page: ライティングのビルド
[2020.07.30-04.04.57:162][  0]MapCheck: New page: マップをチェック
[2020.07.30-04.04.57:162][  0]LightingResults: New page: <何も選択されていません>
[2020.07.30-04.04.57:324][  0]LogAIModule: Creating AISystem for world Untitled_1
[2020.07.30-04.04.57:329][  0]LogEditorServer: Finished looking for orphan Actors (0.000 secs)
[2020.07.30-04.04.57:342][  0]Cmd: MAP CHECKDEP NOCLEARLOG
[2020.07.30-04.04.57:497][  0]MapCheck: マップチェックが完了: 0 エラー、 0 警告、完了に 154.416ミリ秒かかりました。
[2020.07.30-04.04.57:497][  0]LogFileHelpers: Loading map 'Template_Default' took 0.427
[2020.07.30-04.04.57:689][  0]LogCollectionManager: Loaded 0 collections in 0.001515 seconds
[2020.07.30-04.04.57:831][  0]LogFileCache: Scanning file cache for directory 'C:/Users/s182242/Documents/Unreal Projects/DangeonGame/Saved/Collections/' took 0.01s
[2020.07.30-04.04.57:831][  0]LogFileCache: Scanning file cache for directory 'C:/Users/s182242/Documents/Unreal Projects/DangeonGame/Content/Developers/s182242/Collections/' took 0.01s
[2020.07.30-04.04.57:831][  0]LogFileCache: Scanning file cache for directory 'C:/Users/s182242/Documents/Unreal Projects/DangeonGame/Content/Collections/' took 0.01s
[2020.07.30-04.04.57:831][  0]LogCollectionManager: Rebuilt the GUID cache for 0 collections in 0.000000 seconds
[2020.07.30-04.04.57:838][  0]LogContentBrowser: Native class hierarchy populated in 0.0068 seconds. Added 2386 classes and 500 folders.
[2020.07.30-04.04.57:969][  0]LogContentBrowser: Native class hierarchy updated for 'WidgetCarousel' in 0.0005 seconds. Added 0 classes and 0 folders.
[2020.07.30-04.04.58:123][  0]LogContentBrowser: Native class hierarchy updated for 'AddContentDialog' in 0.0006 seconds. Added 0 classes and 0 folders.
[2020.07.30-04.04.58:222][  0]LogContentBrowser: Native class hierarchy updated for 'SceneOutliner' in 0.0007 seconds. Added 1 classes and 2 folders.
[2020.07.30-04.04.58:254][  0]LogSlate: Took 0.001729 seconds to synchronously load lazily loaded font '../../../Engine/Content/Slate/Fonts/Roboto-Regular.ttf' (155K)
[2020.07.30-04.04.58:258][  0]LogSlate: Took 0.003314 seconds to synchronously load lazily loaded font '../../../Engine/Content/Slate/Fonts/DroidSansFallback.ttf' (3848K)
[2020.07.30-04.04.58:260][  0]LogSlate: Took 0.001753 seconds to synchronously load lazily loaded font '../../../Engine/Content/Slate/Fonts/Roboto-Bold.ttf' (160K)
[2020.07.30-04.04.58:268][  0]LogSlate: Took 0.004138 seconds to synchronously load lazily loaded font '../../../Engine/Content/Editor/Slate/Fonts/FontAwesome.ttf' (139K)
[2020.07.30-04.04.58:367][  0]LogRenderer: Reallocating scene render targets to support 964x436 Format 10 NumSamples 1 (Frame:1).
[2020.07.30-04.04.58:698][  0]LogContentBrowser: Native class hierarchy updated for 'HierarchicalLODOutliner' in 0.0005 seconds. Added 1 classes and 2 folders.
[2020.07.30-04.04.58:698][  0]LogLoad: (Engine Initialization) Total time: 37.86 seconds
[2020.07.30-04.04.58:698][  0]LogLoad: (Engine Initialization) Total Blueprint compile time: 0.00 seconds
[2020.07.30-04.04.58:698][  0]LogExternalProfiler: No external profilers were discovered.  External profiling features will not be available.
[2020.07.30-04.04.58:733][  0]LogAssetRegistry: Asset discovery search completed in 22.1326 seconds
[2020.07.30-04.04.58:735][  0]LogCollectionManager: Rebuilt the object cache for 0 collections in 0.000000 seconds (found 0 objects)
[2020.07.30-04.04.58:735][  0]LogCollectionManager: Fixed up redirectors for 0 collections in 0.000041 seconds (updated 0 objects)
[2020.07.30-04.04.58:738][  0]LogContentStreaming: Texture pool size now 1000 MB
[2020.07.30-04.06.09:955][453]LogHttp: Warning: 0000019355625A80: request failed, libcurl error: 6 (Couldn't resolve host name)
[2020.07.30-04.06.09:955][453]LogHttp: Warning: 0000019355625A80: libcurl info message cache 0 (Could not resolve host: datarouter.ol.epicgames.com)
[2020.07.30-04.06.09:955][453]LogHttp: Warning: 0000019355625A80: libcurl info message cache 1 (Closing connection 0)
[2020.07.30-04.08.09:983][811]LogHttp: Warning: 0000019355625A80: request failed, libcurl error: 6 (Couldn't resolve host name)
[2020.07.30-04.08.09:983][811]LogHttp: Warning: 0000019355625A80: libcurl info message cache 0 (Could not resolve host: datarouter.ol.epicgames.com)
[2020.07.30-04.08.09:983][811]LogHttp: Warning: 0000019355625A80: libcurl info message cache 1 (Closing connection 1)
[2020.07.30-04.10.21:034][503]LogHttp: Warning: 0000019355626380: request failed, libcurl error: 6 (Couldn't resolve host name)
[2020.07.30-04.10.21:034][503]LogHttp: Warning: 0000019355626380: libcurl info message cache 0 (Could not resolve host: datarouter.ol.epicgames.com)
[2020.07.30-04.10.21:034][503]LogHttp: Warning: 0000019355626380: libcurl info message cache 1 (Closing connection 2)
[2020.07.30-04.12.21:073][894]LogHttp: Warning: 0000019355624B80: request failed, libcurl error: 6 (Couldn't resolve host name)
[2020.07.30-04.12.21:073][894]LogHttp: Warning: 0000019355624B80: libcurl info message cache 0 (Could not resolve host: datarouter.ol.epicgames.com)
[2020.07.30-04.12.21:073][894]LogHttp: Warning: 0000019355624B80: libcurl info message cache 1 (Closing connection 3)
[2020.07.30-04.14.21:108][301]LogHttp: Warning: 0000019355626E00: request failed, libcurl error: 6 (Couldn't resolve host name)
[2020.07.30-04.14.21:108][301]LogHttp: Warning: 0000019355626E00: libcurl info message cache 0 (Could not resolve host: datarouter.ol.epicgames.com)
[2020.07.30-04.14.21:108][301]LogHttp: Warning: 0000019355626E00: libcurl info message cache 1 (Closing connection 4)
[2020.07.30-04.16.21:139][722]LogHttp: Warning: 0000019355626500: request failed, libcurl error: 6 (Couldn't resolve host name)
[2020.07.30-04.16.21:139][722]LogHttp: Warning: 0000019355626500: libcurl info message cache 0 (Could not resolve host: datarouter.ol.epicgames.com)
[2020.07.30-04.16.21:139][722]LogHttp: Warning: 0000019355626500: libcurl info message cache 1 (Closing connection 5)
[2020.07.30-04.18.21:181][146]LogHttp: Warning: 0000019355626980: request failed, libcurl error: 6 (Couldn't resolve host name)
[2020.07.30-04.18.21:181][146]LogHttp: Warning: 0000019355626980: libcurl info message cache 0 (Could not resolve host: datarouter.ol.epicgames.com)
[2020.07.30-04.18.21:181][146]LogHttp: Warning: 0000019355626980: libcurl info message cache 1 (Closing connection 6)
[2020.07.30-04.20.32:210][890]LogHttp: Warning: 0000019355626680: request failed, libcurl error: 6 (Couldn't resolve host name)
[2020.07.30-04.20.32:210][890]LogHttp: Warning: 0000019355626680: libcurl info message cache 0 (Could not resolve host: datarouter.ol.epicgames.com)
[2020.07.30-04.20.32:210][890]LogHttp: Warning: 0000019355626680: libcurl info message cache 1 (Closing connection 7)
[2020.07.30-07.44.32:064][890]LogHttp: Warning: 0000019355626080: request failed, libcurl error: 28 (Timeout was reached)
[2020.07.30-07.44.32:064][890]LogHttp: Warning: 0000019355626080: libcurl info message cache 0 (  Trying 34.232.247.41...)
[2020.07.30-07.44.32:064][890]LogHttp: Warning: 0000019355626080: libcurl info message cache 1 (Connected to datarouter.ol.epicgames.com (34.232.247.41) port 443 (#8))
[2020.07.30-07.44.32:064][890]LogHttp: Warning: 0000019355626080: libcurl info message cache 2 (ALPN, offering http/1.1)
[2020.07.30-07.44.32:069][890]LogHttp: Warning: 0000019355626080: libcurl info message cache 3 (Cipher selection: ALL:!EXPORT:!EXPORT40:!EXPORT56:!aNULL:!LOW:!RC4:@STRENGTH)
[2020.07.30-07.44.32:069][890]LogHttp: Warning: 0000019355626080: libcurl info message cache 4 (TLSv1.2 (OUT), TLS header, Certificate Status (22):)
[2020.07.30-07.44.32:070][890]LogHttp: Warning: 0000019355626080: libcurl info message cache 5 (TLSv1.2 (OUT), TLS handshake, Client hello (1):)
[2020.07.30-07.44.32:070][890]LogHttp: Warning: 0000019355626080: libcurl info message cache 6 (Operation timed out after 0 milliseconds with 0 out of 0 bytes received)
[2020.07.30-07.44.32:070][890]LogHttp: Warning: 0000019355626080: libcurl info message cache 7 (Closing connection 8)
[2020.07.30-07.44.33:202][894]LogAudio: Warning: Current Audio Device with ID {0.0.0.00000000}.{24047ba8-1bac-468a-9436-65d602b97723} was removed. Shutting down audio device.
[2020.07.30-07.44.33:202][894]LogAudio: Warning: Current Audio Device with ID {0.0.0.00000000}.{24047ba8-1bac-468a-9436-65d602b97723} was removed. Shutting down audio device.
[2020.07.30-08.15.41:646][110]LogHttp: Warning: 0000019355627700: request failed, libcurl error: 6 (Couldn't resolve host name)
[2020.07.30-08.15.41:646][110]LogHttp: Warning: 0000019355627700: libcurl info message cache 0 (Found bundle for host datarouter.ol.epicgames.com: 0x19340e33fb8 [can pipeline])
[2020.07.30-08.15.41:646][110]LogHttp: Warning: 0000019355627700: libcurl info message cache 1 (Re-using existing connection! (#12) with host datarouter.ol.epicgames.com)
[2020.07.30-08.15.41:646][110]LogHttp: Warning: 0000019355627700: libcurl info message cache 2 (Connected to datarouter.ol.epicgames.com (54.165.193.153) port 443 (#12))
[2020.07.30-08.15.41:646][110]LogHttp: Warning: 0000019355627700: libcurl info message cache 3 (upload completely sent off: 354 out of 354 bytes)
[2020.07.30-08.15.41:646][110]LogHttp: Warning: 0000019355627700: libcurl info message cache 4 (TLSv1.2 (IN), TLS alert, Client hello (1):)
[2020.07.30-08.15.41:646][110]LogHttp: Warning: 0000019355627700: libcurl info message cache 5 (Connection died, retrying a fresh connect)
[2020.07.30-08.15.41:646][110]LogHttp: Warning: 0000019355627700: libcurl info message cache 6 (Closing connection 12)
[2020.07.30-08.15.41:646][110]LogHttp: Warning: 0000019355627700: libcurl info message cache 7 (TLSv1.2 (OUT), TLS alert, Client hello (1):)
[2020.07.30-08.15.41:646][110]LogHttp: Warning: 0000019355627700: libcurl info message cache 8 (Issue another request to this URL: 'https://datarouter.ol.epicgames.com/datarouter/api/v1/public/data?SessionID=%7BDB0A2ECC-407F-DD50-0033-309C34194A61%7D&AppID=UEEditor.Rocket.Release&AppVersion=4.17.2-3658906%2B%2B%2BUE4%2BRelease-4.17&UserID=a85729d74eeaeb3d298edba6b6939552%7C4873c9ba91b948aeb324e10d19ee9502%7C80402594-cf78-4fff-bf7e-3274bf9299d4&AppEnvironment=datacollector-binary&UploadType=eteventstream')
[2020.07.30-08.15.41:646][110]LogHttp: Warning: 0000019355627700: libcurl info message cache 9 (Could not resolve host: datarouter.ol.epicgames.com)
[2020.07.30-08.15.41:646][110]LogHttp: Warning: 0000019355627700: libcurl info message cache 10 (Closing connection 13)
[2020.07.30-09.24.53:178][860]LogMaterial: Missing cached shader map for material LayerVisMaterial, compiling. 
[2020.07.30-09.24.53:207][860]LogMaterial: Missing cached shader map for material SelectBrushMaterial, compiling. 
[2020.07.30-09.24.53:234][860]LogMaterial: Missing cached shader map for material SelectBrushMaterial, compiling. 
[2020.07.30-09.24.53:263][860]LogMaterial: Missing cached shader map for material MaskBrushMaterial, compiling. 
[2020.07.30-09.24.53:299][860]LogMaterial: Missing cached shader map for material LandscapeLayerUsageMaterial, compiling. 
[2020.07.30-09.24.53:348][860]LogMaterial: Missing cached shader map for material CircleBrushMaterial, compiling. 
[2020.07.30-09.24.53:374][860]LogMaterial: Missing cached shader map for material CircleBrushMaterial, compiling. 
[2020.07.30-09.24.53:404][860]LogMaterial: Missing cached shader map for material CircleBrushMaterial, compiling. 
[2020.07.30-09.24.53:425][860]LogMaterial: Missing cached shader map for material CircleBrushMaterial, compiling. 
[2020.07.30-09.24.53:450][860]LogMaterial: Missing cached shader map for material AlphaBrushMaterial, compiling. 
[2020.07.30-09.24.53:470][860]LogMaterial: Missing cached shader map for material CircleBrushMaterial, compiling. 
[2020.07.30-09.24.53:493][860]LogMaterial: Missing cached shader map for material MaskBrushMaterial, compiling. 
[2020.07.30-09.24.53:511][860]LogTexture: Display: Building textures: Texture2D_2 (G8, 128X128)
[2020.07.30-09.24.58:098][124]LogActorComponent: UnregisterComponent: (/Engine/Transient.SphereBrushComponent) Not registered. Aborting.
[2020.07.30-09.25.23:632][654]LogActorComponent: UnregisterComponent: (/Engine/Transient.SphereBrushComponent) Not registered. Aborting.
[2020.07.30-09.26.11:527][519]LogSlate: Took 0.002023 seconds to synchronously load lazily loaded font '../../../Engine/Content/Slate/Fonts/Roboto-Light.ttf' (159K)
[2020.07.30-09.26.26:388][519]LogSlate: Took 0.000218 seconds to synchronously load lazily loaded font '../../../Engine/Content/Slate/Fonts/Roboto-Light.ttf' (159K)
[2020.07.30-09.26.26:884][519]Cmd: OBJ SAVEPACKAGE PACKAGE="/Game/Map/Main" FILE="../../../../../../Users/s182242/Documents/Unreal Projects/DangeonGame/Content/Map/Main.umap" SILENT=true AUTOSAVING=false KEEPDIRTY=false
[2020.07.30-09.26.26:924][519]LogSavePackage: Save=23.03ms
[2020.07.30-09.26.26:924][519]LogSavePackage: Moving '../../../../../../Users/s182242/Documents/Unreal Projects/DangeonGame/Saved/Main4AD347E642C32B1B63C4CA831D612AC4.tmp' to '../../../../../../Users/s182242/Documents/Unreal Projects/DangeonGame/Content/Map/Main.umap'
[2020.07.30-09.26.26:930][519]LogSavePackage: Display: Finished SavePackage ../../../../../../Users/s182242/Documents/Unreal Projects/DangeonGame/Content/Map/Main.umap
[2020.07.30-09.26.26:945][519]Cmd: OBJ SAVEPACKAGE PACKAGE="/Game/Map/Main_BuiltData" FILE="../../../../../../Users/s182242/Documents/Unreal Projects/DangeonGame/Content/Map/Main_BuiltData.uasset" SILENT=true
[2020.07.30-09.26.26:958][519]LogSavePackage: Save=9.43ms
[2020.07.30-09.26.26:958][519]LogSavePackage: Moving '../../../../../../Users/s182242/Documents/Unreal Projects/DangeonGame/Saved/Main_BuiltData35920A544B02E8943D52C9B7A5E6A906.tmp' to '../../../../../../Users/s182242/Documents/Unreal Projects/DangeonGame/Content/Map/Main_BuiltData.uasset'
[2020.07.30-09.26.26:960][519]LogSavePackage: Display: Finished SavePackage ../../../../../../Users/s182242/Documents/Unreal Projects/DangeonGame/Content/Map/Main_BuiltData.uasset
[2020.07.30-09.26.26:965][519]LogFileHelpers: Saving map 'Main' took 1.025
[2020.07.30-09.26.46:294][576]LogTemp: Executing iPhonePackager certificates Engine -bundlename com.YourCompany.DangeonGame
[2020.07.30-09.26.46:294][576]LogTemp: CWD: C:\Program Files\Epic Games\UE_4.17\Engine\Binaries\DotNET\IOS
[2020.07.30-09.26.46:294][576]LogTemp: Initial Dir: C:\Program Files\Epic Games\UE_4.17
[2020.07.30-09.26.46:294][576]LogTemp: Env CWD: C:\Program Files\Epic Games\UE_4.17\Engine\Binaries\DotNET\IOS
[2020.07.30-09.26.46:297][576]LogTemp: BranchPath = GAME2001/C/Program Files/Epic Games/UE_4.17/Engine/Binaries --- GameBranchPath = GAME2001/C/Program Files/Epic Games/UE_4.17/Engine/Binaries
[2020.07.30-09.26.46:309][577]LogTemp: IPP ERROR: Could not find provision directory 'C:\Users\s182242\AppData\Local/Apple Computer/MobileDevice/Provisioning Profiles/'.
[2020.07.30-09.26.53:537][  9]LogSlate: Took 0.000337 seconds to synchronously load lazily loaded font '../../../Engine/Content/Slate/Fonts/Roboto-Light.ttf' (159K)
[2020.07.30-09.28.05:657][334]LogHttp: Warning: 00000193262E7400: request failed, libcurl error: 56 (Failure when receiving data from the peer)
[2020.07.30-09.28.05:657][334]LogHttp: Warning: 00000193262E7400: libcurl info message cache 0 (Found bundle for host datarouter.ol.epicgames.com: 0x19340e33e20 [can pipeline])
[2020.07.30-09.28.05:657][334]LogHttp: Warning: 00000193262E7400: libcurl info message cache 1 (Connection 22 seems to be dead!)
[2020.07.30-09.28.05:657][334]LogHttp: Warning: 00000193262E7400: libcurl info message cache 2 (Closing connection 22)
[2020.07.30-09.28.05:657][334]LogHttp: Warning: 00000193262E7400: libcurl info message cache 3 (  Trying 34.239.213.224...)
[2020.07.30-09.28.05:657][334]LogHttp: Warning: 00000193262E7400: libcurl info message cache 4 (Connected to datarouter.ol.epicgames.com (34.239.213.224) port 443 (#23))
[2020.07.30-09.28.05:657][334]LogHttp: Warning: 00000193262E7400: libcurl info message cache 5 (ALPN, offering http/1.1)
[2020.07.30-09.28.05:657][334]LogHttp: Warning: 00000193262E7400: libcurl info message cache 6 (Cipher selection: ALL:!EXPORT:!EXPORT40:!EXPORT56:!aNULL:!LOW:!RC4:@STRENGTH)
[2020.07.30-09.28.05:657][334]LogHttp: Warning: 00000193262E7400: libcurl info message cache 7 (SSL re-using session ID)
[2020.07.30-09.28.05:657][334]LogHttp: Warning: 00000193262E7400: libcurl info message cache 8 (TLSv1.2 (OUT), TLS handshake, Client hello (1):)
[2020.07.30-09.28.05:657][334]LogHttp: Warning: 00000193262E7400: libcurl info message cache 9 (TLSv1.2 (IN), TLS handshake, Server hello (2):)
[2020.07.30-09.28.05:657][334]LogHttp: Warning: 00000193262E7400: libcurl info message cache 10 (TLSv1.2 (IN), TLS handshake, Certificate (11):)
[2020.07.30-09.28.05:657][334]LogHttp: Warning: 00000193262E7400: libcurl info message cache 11 (TLSv1.2 (IN), TLS handshake, Server key exchange (12):)
[2020.07.30-09.28.05:657][334]LogHttp: Warning: 00000193262E7400: libcurl info message cache 12 (TLSv1.2 (IN), TLS handshake, Server finished (14):)
[2020.07.30-09.28.05:657][334]LogHttp: Warning: 00000193262E7400: libcurl info message cache 13 (TLSv1.2 (OUT), TLS handshake, Client key exchange (16):)
[2020.07.30-09.28.05:657][334]LogHttp: Warning: 00000193262E7400: libcurl info message cache 14 (TLSv1.2 (OUT), TLS change cipher, Client hello (1):)
[2020.07.30-09.28.05:657][334]LogHttp: Warning: 00000193262E7400: libcurl info message cache 15 (TLSv1.2 (OUT), TLS handshake, Finished (20):)
[2020.07.30-09.28.05:658][334]LogHttp: Warning: 00000193262E7400: libcurl info message cache 16 (TLSv1.2 (IN), TLS change cipher, Client hello (1):)
[2020.07.30-09.28.05:658][334]LogHttp: Warning: 00000193262E7400: libcurl info message cache 17 (TLSv1.2 (IN), TLS handshake, Finished (20):)
[2020.07.30-09.28.05:658][334]LogHttp: Warning: 00000193262E7400: libcurl info message cache 18 (SSL connection using TLSv1.2 / ECDHE-RSA-AES128-GCM-SHA256)
[2020.07.30-09.28.05:658][334]LogHttp: Warning: 00000193262E7400: libcurl info message cache 19 (ALPN, server accepted to use http/1.1)
[2020.07.30-09.28.05:658][334]LogHttp: Warning: 00000193262E7400: libcurl info message cache 20 (old SSL session ID is stale, removing)
[2020.07.30-09.28.05:658][334]LogHttp: Warning: 00000193262E7400: libcurl info message cache 21 (Server certificate:)
[2020.07.30-09.28.05:658][334]LogHttp: Warning: 00000193262E7400: libcurl info message cache 22 (	 subject: CN=*.ol.epicgames.com)
[2020.07.30-09.28.05:658][334]LogHttp: Warning: 00000193262E7400: libcurl info message cache 23 (	 start date: Feb 12 00:00:00 2020 GMT)
[2020.07.30-09.28.05:658][334]LogHttp: Warning: 00000193262E7400: libcurl info message cache 24 (	 expire date: Mar 12 12:00:00 2021 GMT)
[2020.07.30-09.28.05:658][334]LogHttp: Warning: 00000193262E7400: libcurl info message cache 25 (	 subjectAltName: datarouter.ol.epicgames.com matched)
[2020.07.30-09.28.05:658][334]LogHttp: Warning: 00000193262E7400: libcurl info message cache 26 (	 issuer: C=US; O=Amazon; OU=Server CA 1B; CN=Amazon)
[2020.07.30-09.28.05:658][334]LogHttp: Warning: 00000193262E7400: libcurl info message cache 27 (	 SSL certificate verify ok.)
[2020.07.30-09.28.05:658][334]LogHttp: Warning: 00000193262E7400: libcurl info message cache 28 (upload completely sent off: 691 out of 691 bytes)
[2020.07.30-09.28.05:658][334]LogHttp: Warning: 00000193262E7400: libcurl info message cache 29 (SSL read: error:00000000:lib(0):func(0):reason(0), errno 10054)
[2020.07.30-09.28.05:658][334]LogHttp: Warning: 00000193262E7400: libcurl info message cache 30 (Closing connection 23)
[2020.07.30-09.28.05:686][336]LogHttp: Warning: 000001937B154100: request failed, libcurl error: 7 (Couldn't connect to server)
[2020.07.30-09.28.05:686][336]LogHttp: Warning: 000001937B154100: libcurl info message cache 0 (Found bundle for host datarouter.ol.epicgames.com: 0x19340e33f40 [serially])
[2020.07.30-09.28.05:686][336]LogHttp: Warning: 000001937B154100: libcurl info message cache 1 (Hostname datarouter.ol.epicgames.com was found in DNS cache)
[2020.07.30-09.28.05:686][336]LogHttp: Warning: 000001937B154100: libcurl info message cache 2 (  Trying 34.239.213.224...)
[2020.07.30-09.28.05:686][336]LogHttp: Warning: 000001937B154100: libcurl info message cache 3 (connect to 34.239.213.224 port 443 failed: Network unreachable)
[2020.07.30-09.28.05:686][336]LogHttp: Warning: 000001937B154100: libcurl info message cache 4 (  Trying 34.238.237.214...)
[2020.07.30-09.28.05:686][336]LogHttp: Warning: 000001937B154100: libcurl info message cache 5 (connect to 34.238.237.214 port 443 failed: Network unreachable)
[2020.07.30-09.28.05:686][336]LogHttp: Warning: 000001937B154100: libcurl info message cache 6 (  Trying 34.230.93.158...)
[2020.07.30-09.28.05:686][336]LogHttp: Warning: 000001937B154100: libcurl info message cache 7 (connect to 34.230.93.158 port 443 failed: Network unreachable)
[2020.07.30-09.28.05:686][336]LogHttp: Warning: 000001937B154100: libcurl info message cache 8 (  Trying 107.23.43.8...)
[2020.07.30-09.28.05:686][336]LogHttp: Warning: 000001937B154100: libcurl info message cache 9 (connect to 107.23.43.8 port 443 failed: Network unreachable)
[2020.07.30-09.28.05:686][336]LogHttp: Warning: 000001937B154100: libcurl info message cache 10 (  Trying 34.232.40.138...)
[2020.07.30-09.28.05:686][336]LogHttp: Warning: 000001937B154100: libcurl info message cache 11 (connect to 34.232.40.138 port 443 failed: Network unreachable)
[2020.07.30-09.28.05:686][336]LogHttp: Warning: 000001937B154100: libcurl info message cache 12 (  Trying 34.206.12.92...)
[2020.07.30-09.28.05:686][336]LogHttp: Warning: 000001937B154100: libcurl info message cache 13 (connect to 34.206.12.92 port 443 failed: Network unreachable)
[2020.07.30-09.28.05:686][336]LogHttp: Warning: 000001937B154100: libcurl info message cache 14 (  Trying 3.221.183.62...)
[2020.07.30-09.28.05:687][336]LogHttp: Warning: 000001937B154100: libcurl info message cache 15 (connect to 3.221.183.62 port 443 failed: Network unreachable)
[2020.07.30-09.28.05:687][336]LogHttp: Warning: 000001937B154100: libcurl info message cache 16 (  Trying 52.72.249.89...)
[2020.07.30-09.28.05:687][336]LogHttp: Warning: 000001937B154100: libcurl info message cache 17 (connect to 52.72.249.89 port 443 failed: Network unreachable)
[2020.07.30-09.28.05:687][336]LogHttp: Warning: 000001937B154100: libcurl info message cache 18 (Failed to connect to datarouter.ol.epicgames.com port 443: Network unreachable)
[2020.07.30-09.28.05:687][336]LogHttp: Warning: 000001937B154100: libcurl info message cache 19 (Closing connection 24)
[2020.07.30-09.30.05:704][525]LogHttp: Warning: 000001937B156F80: request failed, libcurl error: 6 (Couldn't resolve host name)
[2020.07.30-09.30.05:704][525]LogHttp: Warning: 000001937B156F80: libcurl info message cache 0 (Hostname in DNS cache was stale, zapped)
[2020.07.30-09.30.05:704][525]LogHttp: Warning: 000001937B156F80: libcurl info message cache 1 (Could not resolve host: datarouter.ol.epicgames.com)
[2020.07.30-09.30.05:705][525]LogHttp: Warning: 000001937B156F80: libcurl info message cache 2 (Closing connection 25)
[2020.07.30-09.32.12:827][135]LogHttp: Warning: 000001937B157B80: request failed, libcurl error: 6 (Couldn't resolve host name)
[2020.07.30-09.32.12:827][135]LogHttp: Warning: 000001937B157B80: libcurl info message cache 0 (Could not resolve host: datarouter.ol.epicgames.com)
[2020.07.30-09.32.12:827][135]LogHttp: Warning: 000001937B157B80: libcurl info message cache 1 (Closing connection 26)
[2020.07.30-09.34.23:924][992]LogHttp: Warning: 000001937B155180: request failed, libcurl error: 6 (Couldn't resolve host name)
[2020.07.30-09.34.23:924][992]LogHttp: Warning: 000001937B155180: libcurl info message cache 0 (Could not resolve host: datarouter.ol.epicgames.com)
[2020.07.30-09.34.23:924][992]LogHttp: Warning: 000001937B155180: libcurl info message cache 1 (Closing connection 27)
[2020.07.30-09.38.13:049][486]LogWindowsTextInputMethodSystem: Display: IME system now activated using TSF (Microsoft IME).
[2020.07.30-09.38.13:210][487]Cmd: QUIT_EDITOR
[2020.07.30-09.38.13:236][487]LogExit: Preparing to exit.
[2020.07.30-09.38.14:156][487]LogDirectoryWatcher: A directory notification for 'C:/Users/s182242/Documents/Unreal Projects/DangeonGame/Content/' was aborted.
[2020.07.30-09.38.14:174][487]LogExit: Editor shut down
[2020.07.30-09.38.14:188][487]LogExit: Transaction tracking system shut down
[2020.07.30-09.38.14:360][487]LogDirectoryWatcher: A directory notification for '../../../Engine/Content/' was aborted.
[2020.07.30-09.38.14:360][487]LogDirectoryWatcher: A directory notification for '../../../../../../Users/s182242/Documents/Unreal Projects/DangeonGame/Content/' was aborted.
[2020.07.30-09.38.14:360][487]LogDirectoryWatcher: A directory notification for '../../../Engine/Plugins/2D/Paper2D/Content/' was aborted.
[2020.07.30-09.38.14:360][487]LogDirectoryWatcher: A directory notification for '../../../Engine/Plugins/Runtime/Oculus/OculusVR/Content/' was aborted.
[2020.07.30-09.38.14:360][487]LogDirectoryWatcher: A directory notification for '../../../Engine/Plugins/Runtime/Steam/SteamVR/Content/' was aborted.
[2020.07.30-09.38.14:430][487]LogExit: Object subsystem successfully closed.
[2020.07.30-09.38.14:451][487]LogD3D11RHI: Shutdown
[2020.07.30-09.38.14:451][487]LogD3D11RHI: CleanupD3DDevice
[2020.07.30-09.38.14:462][487]LogD3D11RHI: ~FD3D11DynamicRHI
[2020.07.30-09.38.14:495][487]LogModuleManager: Shutting down and abandoning module ExternalImagePicker (532)
[2020.07.30-09.38.14:495][487]LogModuleManager: Shutting down and abandoning module HierarchicalLODOutliner (530)
[2020.07.30-09.38.14:495][487]LogModuleManager: Shutting down and abandoning module SceneOutliner (528)
[2020.07.30-09.38.14:495][487]LogModuleManager: Shutting down and abandoning module AddContentDialog (526)
[2020.07.30-09.38.14:495][487]LogDirectoryWatcher: A directory notification for 'C:/Program Files/Epic Games/UE_4.17/FeaturePacks/' was aborted.
[2020.07.30-09.38.14:498][487]LogModuleManager: Shutting down and abandoning module WidgetCarousel (525)
[2020.07.30-09.38.14:498][487]LogModuleManager: Shutting down and abandoning module EditorWidgets (522)
[2020.07.30-09.38.14:498][487]LogModuleManager: Shutting down and abandoning module CollectionManager (520)
[2020.07.30-09.38.14:498][487]LogDirectoryWatcher: A directory notification for 'C:/Users/s182242/Documents/Unreal Projects/DangeonGame/Content/Collections/' was aborted.
[2020.07.30-09.38.14:498][487]LogDirectoryWatcher: A directory notification for 'C:/Users/s182242/Documents/Unreal Projects/DangeonGame/Content/Developers/s182242/Collections/' was aborted.
[2020.07.30-09.38.14:498][487]LogDirectoryWatcher: A directory notification for 'C:/Users/s182242/Documents/Unreal Projects/DangeonGame/Saved/Collections/' was aborted.
[2020.07.30-09.38.14:498][487]LogModuleManager: Shutting down and abandoning module StatsViewer (518)
[2020.07.30-09.38.14:498][487]LogModuleManager: Shutting down and abandoning module FoliageEdit (516)
[2020.07.30-09.38.14:498][487]LogModuleManager: Shutting down and abandoning module LandscapeEditor (514)
[2020.07.30-09.38.14:499][487]LogModuleManager: Shutting down and abandoning module MeshPaintMode (512)
[2020.07.30-09.38.14:499][487]LogModuleManager: Shutting down and abandoning module SceneDepthPickerMode (510)
[2020.07.30-09.38.14:499][487]LogModuleManager: Shutting down and abandoning module ActorPickerMode (508)
[2020.07.30-09.38.14:499][487]LogModuleManager: Shutting down and abandoning module GeometryMode (506)
[2020.07.30-09.38.14:499][487]LogModuleManager: Shutting down and abandoning module TextureAlignMode (504)
[2020.07.30-09.38.14:499][487]LogModuleManager: Shutting down and abandoning module BspMode (502)
[2020.07.30-09.38.14:499][487]LogModuleManager: Shutting down and abandoning module PIEPreviewDeviceProfileSelector (500)
[2020.07.30-09.38.14:499][487]LogModuleManager: Shutting down and abandoning module HardwareSurvey (498)
[2020.07.30-09.38.14:499][487]LogModuleManager: Shutting down and abandoning module SequenceRecorderSections (496)
[2020.07.30-09.38.14:499][487]LogModuleManager: Shutting down and abandoning module AutomationWorker (494)
[2020.07.30-09.38.14:499][487]LogModuleManager: Shutting down and abandoning module MatineeToLevelSequence (492)
[2020.07.30-09.38.14:499][487]LogModuleManager: Shutting down and abandoning module LevelSequenceEditor (490)
[2020.07.30-09.38.14:499][487]LogModuleManager: Shutting down and abandoning module PlacementMode (489)
[2020.07.30-09.38.14:499][487]LogModuleManager: Shutting down and abandoning module WmfMediaFactory (486)
[2020.07.30-09.38.14:499][487]LogModuleManager: Shutting down and abandoning module WmfMediaEditor (484)
[2020.07.30-09.38.14:499][487]LogModuleManager: Shutting down and abandoning module AvfMediaFactory (482)
[2020.07.30-09.38.14:499][487]LogModuleManager: Shutting down and abandoning module AvfMediaEditor (480)
[2020.07.30-09.38.14:499][487]LogModuleManager: Shutting down and abandoning module AndroidMediaFactory (478)
[2020.07.30-09.38.14:499][487]LogModuleManager: Shutting down and abandoning module Media (477)
[2020.07.30-09.38.14:500][487]LogModuleManager: Shutting down and abandoning module AndroidMediaEditor (474)
[2020.07.30-09.38.14:500][487]LogModuleManager: Shutting down and abandoning module CharacterAI (472)
[2020.07.30-09.38.14:500][487]LogModuleManager: Shutting down and abandoning module AudioCapture (470)
[2020.07.30-09.38.14:500][487]LogModuleManager: Shutting down and abandoning module SequenceRecorder (469)
[2020.07.30-09.38.14:500][487]LogModuleManager: Shutting down and abandoning module SmartSnapping (466)
[2020.07.30-09.38.14:500][487]LogModuleManager: Shutting down and abandoning module SessionServices (464)
[2020.07.30-09.38.14:500][487]LogModuleManager: Shutting down and abandoning module ViewportSnapping (462)
[2020.07.30-09.38.14:500][487]LogModuleManager: Shutting down and abandoning module ViewportInteraction (460)
[2020.07.30-09.38.14:500][487]LogModuleManager: Shutting down and abandoning module ClothPainter (458)
[2020.07.30-09.38.14:500][487]LogModuleManager: Shutting down and abandoning module LogVisualizer (456)
[2020.07.30-09.38.14:500][487]LogModuleManager: Shutting down and abandoning module IntroTutorials (454)
[2020.07.30-09.38.14:500][487]LogModuleManager: Shutting down and abandoning module GameProjectGeneration (453)
[2020.07.30-09.38.14:500][487]LogModuleManager: Shutting down and abandoning module IOSPlatformEditor (450)
[2020.07.30-09.38.14:500][487]LogModuleManager: Shutting down and abandoning module HTML5PlatformEditor (448)
[2020.07.30-09.38.14:500][487]LogModuleManager: Shutting down and abandoning module AndroidPlatformEditor (446)
[2020.07.30-09.38.14:500][487]LogModuleManager: Shutting down and abandoning module AndroidDeviceDetection (445)
[2020.07.30-09.38.14:821][487]LogModuleManager: Shutting down and abandoning module WindowsPlatformEditor (442)
[2020.07.30-09.38.14:821][487]LogModuleManager: Shutting down and abandoning module IOSRuntimeSettings (440)
[2020.07.30-09.38.14:821][487]LogModuleManager: Shutting down and abandoning module AndroidRuntimeSettings (438)
[2020.07.30-09.38.14:821][487]LogModuleManager: Shutting down and abandoning module InputBindingEditor (436)
[2020.07.30-09.38.14:821][487]LogModuleManager: Shutting down and abandoning module MergeActors (434)
[2020.07.30-09.38.14:821][487]LogModuleManager: Shutting down and abandoning module SizeMap (432)
[2020.07.30-09.38.14:821][487]LogModuleManager: Shutting down and abandoning module TreeMap (430)
[2020.07.30-09.38.14:821][487]LogModuleManager: Shutting down and abandoning module ReferenceViewer (428)
[2020.07.30-09.38.14:821][487]LogModuleManager: Shutting down and abandoning module LocalizationDashboard (426)
[2020.07.30-09.38.14:821][487]LogModuleManager: Shutting down and abandoning module LocalizationService (425)
[2020.07.30-09.38.14:821][487]LogModuleManager: Shutting down and abandoning module HardwareTargeting (422)
[2020.07.30-09.38.14:821][487]LogModuleManager: Shutting down and abandoning module DeviceProfileEditor (420)
[2020.07.30-09.38.14:821][487]LogModuleManager: Shutting down and abandoning module UndoHistory (418)
[2020.07.30-09.38.14:821][487]LogModuleManager: Shutting down and abandoning module XmlParser (416)
[2020.07.30-09.38.14:821][487]LogModuleManager: Shutting down and abandoning module Blutility (414)
[2020.07.30-09.38.14:821][487]LogModuleManager: Shutting down and abandoning module ProjectSettingsViewer (412)
[2020.07.30-09.38.14:822][487]LogModuleManager: Shutting down and abandoning module ProjectTargetPlatformEditor (411)
[2020.07.30-09.38.14:822][487]LogModuleManager: Shutting down and abandoning module EditorSettingsViewer (408)
[2020.07.30-09.38.14:822][487]LogModuleManager: Shutting down and abandoning module SettingsEditor (406)
[2020.07.30-09.38.14:822][487]LogModuleManager: Shutting down and abandoning module ProjectLauncher (404)
[2020.07.30-09.38.14:822][487]LogModuleManager: Shutting down and abandoning module SessionFrontend (402)
[2020.07.30-09.38.14:822][487]LogModuleManager: Shutting down and abandoning module ProfilerClient (400)
[2020.07.30-09.38.14:822][487]LogModuleManager: Shutting down and abandoning module DeviceManager (398)
[2020.07.30-09.38.14:822][487]LogModuleManager: Shutting down and abandoning module TargetDeviceServices (397)
[2020.07.30-09.38.14:877][487]LogModuleManager: Shutting down and abandoning module AutomationController (394)
[2020.07.30-09.38.14:877][487]LogModuleManager: Shutting down and abandoning module AutomationWindow (392)
[2020.07.30-09.38.14:877][487]LogModuleManager: Shutting down and abandoning module Layers (390)
[2020.07.30-09.38.14:877][487]LogModuleManager: Shutting down and abandoning module ComponentVisualizers (388)
[2020.07.30-09.38.14:877][487]LogModuleManager: Shutting down and abandoning module DetailCustomizations (386)
[2020.07.30-09.38.14:877][487]LogModuleManager: Shutting down and abandoning module PackagesDialog (384)
[2020.07.30-09.38.14:877][487]LogModuleManager: Shutting down and abandoning module Persona (382)
[2020.07.30-09.38.14:877][487]LogModuleManager: Shutting down and abandoning module AdvancedPreviewScene (381)
[2020.07.30-09.38.14:877][487]LogModuleManager: Shutting down and abandoning module AnimGraph (379)
[2020.07.30-09.38.14:877][487]LogModuleManager: Shutting down and abandoning module Kismet (376)
[2020.07.30-09.38.14:877][487]LogModuleManager: Shutting down and abandoning module ClassViewer (374)
[2020.07.30-09.38.14:877][487]LogModuleManager: Shutting down and abandoning module Toolbox (372)
[2020.07.30-09.38.14:877][487]LogModuleManager: Shutting down and abandoning module ModuleUI (370)
[2020.07.30-09.38.14:877][487]LogModuleManager: Shutting down and abandoning module MovieSceneTools (368)
[2020.07.30-09.38.14:878][487]LogModuleManager: Shutting down and abandoning module OutputLog (366)
[2020.07.30-09.38.14:878][487]LogModuleManager: Shutting down and abandoning module GammaUI (364)
[2020.07.30-09.38.14:878][487]LogModuleManager: Shutting down and abandoning module Documentation (362)
[2020.07.30-09.38.14:878][487]LogModuleManager: Shutting down and abandoning module MovieSceneTracks (360)
[2020.07.30-09.38.14:878][487]LogModuleManager: Shutting down and abandoning module MovieScene (358)
[2020.07.30-09.38.14:878][487]LogModuleManager: Shutting down and abandoning module Niagara (356)
[2020.07.30-09.38.14:878][487]LogModuleManager: Shutting down and abandoning module NiagaraEditor (355)
[2020.07.30-09.38.14:878][487]LogModuleManager: Shutting down and abandoning module StreamingPauseRendering (352)
[2020.07.30-09.38.14:878][487]LogModuleManager: Shutting down and abandoning module LauncherPlatform (350)
[2020.07.30-09.38.14:878][487]LogModuleManager: Shutting down and abandoning module AnalyticsET (348)
[2020.07.30-09.38.14:878][487]LogModuleManager: Shutting down and abandoning module PortalServices (346)
[2020.07.30-09.38.14:878][487]LogModuleManager: Shutting down and abandoning module PortalRpc (344)
[2020.07.30-09.38.14:878][487]LogModuleManager: Shutting down and abandoning module MessagingRpc (342)
[2020.07.30-09.38.14:878][487]LogModuleManager: Shutting down and abandoning module AIModule (340)
[2020.07.30-09.38.14:878][487]LogModuleManager: Shutting down and abandoning module GameplayDebugger (339)
[2020.07.30-09.38.14:878][487]LogModuleManager: Shutting down and abandoning module AITestSuite (337)
[2020.07.30-09.38.14:878][487]LogModuleManager: Shutting down and abandoning module ProfilerService (334)
[2020.07.30-09.38.14:945][487]LogModuleManager: Shutting down and abandoning module TaskGraph (332)
[2020.07.30-09.38.14:945][487]LogModuleManager: Shutting down and abandoning module SteamVRController (330)
[2020.07.30-09.38.14:945][487]LogModuleManager: Shutting down and abandoning module ProceduralMeshComponentEditor (328)
[2020.07.30-09.38.14:945][487]LogModuleManager: Shutting down and abandoning module ProceduralMeshComponent (326)
[2020.07.30-09.38.14:945][487]LogModuleManager: Shutting down and abandoning module OculusInput (324)
[2020.07.30-09.38.14:945][487]LogModuleManager: Shutting down and abandoning module MobilePatchingUtils (322)
[2020.07.30-09.38.14:945][487]LogModuleManager: Shutting down and abandoning module CustomMeshComponent (320)
[2020.07.30-09.38.14:945][487]LogModuleManager: Shutting down and abandoning module CableComponent (318)
[2020.07.30-09.38.14:945][487]LogModuleManager: Shutting down and abandoning module ArchVisCharacter (316)
[2020.07.30-09.38.14:945][487]LogModuleManager: Shutting down and abandoning module AndroidPermission (314)
[2020.07.30-09.38.14:945][487]LogModuleManager: Shutting down and abandoning module MediaPlayerEditor (310)
[2020.07.30-09.38.14:945][487]LogModuleManager: Shutting down and abandoning module HTML5Networking (308)
[2020.07.30-09.38.14:945][487]LogModuleManager: Shutting down and abandoning module AlembicImporter (306)
[2020.07.30-09.38.14:945][487]LogModuleManager: Shutting down and abandoning module AlembicLibrary (305)
[2020.07.30-09.38.14:945][487]LogModuleManager: Shutting down and abandoning module GeometryCache (304)
[2020.07.30-09.38.14:946][487]LogModuleManager: Shutting down and abandoning module GeometryCacheEd (303)
[2020.07.30-09.38.14:946][487]LogModuleManager: Shutting down and abandoning module SpeedTreeImporter (298)
[2020.07.30-09.38.14:946][487]LogModuleManager: Shutting down and abandoning module PluginBrowser (296)
[2020.07.30-09.38.14:946][487]LogModuleManager: Shutting down and abandoning module MobileLauncherProfileWizard (294)
[2020.07.30-09.38.14:946][487]LogModuleManager: Shutting down and abandoning module VisualStudioSourceCodeAccess (292)
[2020.07.30-09.38.14:946][487]LogModuleManager: Shutting down and abandoning module DesktopPlatform (291)
[2020.07.30-09.38.14:946][487]LogModuleManager: Shutting down and abandoning module UObjectPlugin (288)
[2020.07.30-09.38.14:946][487]LogModuleManager: Shutting down and abandoning module SubversionSourceControl (286)
[2020.07.30-09.38.14:946][487]LogModuleManager: Shutting down and abandoning module PerforceSourceControl (284)
[2020.07.30-09.38.14:946][487]LogModuleManager: Shutting down and abandoning module GitSourceControl (282)
[2020.07.30-09.38.14:946][487]LogModuleManager: Shutting down and abandoning module SourceControl (281)
[2020.07.30-09.38.14:946][487]LogModuleManager: Shutting down and abandoning module LightPropagationVolumeEditor (278)
[2020.07.30-09.38.14:946][487]LogModuleManager: Shutting down and abandoning module PaperTiledImporter (276)
[2020.07.30-09.38.14:946][487]LogModuleManager: Shutting down and abandoning module PaperSpriteSheetImporter (274)
[2020.07.30-09.38.14:946][487]LogModuleManager: Shutting down and abandoning module Paper2DEditor (272)
[2020.07.30-09.38.14:946][487]LogModuleManager: Shutting down and abandoning module MeshPaint (271)
[2020.07.30-09.38.14:946][487]LogModuleManager: Shutting down and abandoning module LevelEditor (269)
[2020.07.30-09.38.14:947][487]LogModuleManager: Shutting down and abandoning module PixelInspectorModule (268)
[2020.07.30-09.38.14:947][487]LogModuleManager: Shutting down and abandoning module MainFrame (266)
[2020.07.30-09.38.14:947][487]LogModuleManager: Shutting down and abandoning module HotReload (265)
[2020.07.30-09.38.14:947][487]LogModuleManager: Shutting down and abandoning module RuntimePhysXCooking (260)
[2020.07.30-09.38.14:947][487]LogModuleManager: Shutting down and abandoning module PhysXVehiclesEditor (258)
[2020.07.30-09.38.14:947][487]LogModuleManager: Shutting down and abandoning module PhysXVehicles (256)
[2020.07.30-09.38.14:947][487]LogModuleManager: Shutting down and abandoning module OculusEditor (254)
[2020.07.30-09.38.14:947][487]LogModuleManager: Shutting down and abandoning module LocationServicesBPLibrary (252)
[2020.07.30-09.38.14:947][487]LogModuleManager: Shutting down and abandoning module ImmediatePhysicsEditor (250)
[2020.07.30-09.38.14:947][487]LogModuleManager: Shutting down and abandoning module ImmediatePhysics (248)
[2020.07.30-09.38.14:947][487]LogModuleManager: Shutting down and abandoning module UdpMessaging (246)
[2020.07.30-09.38.15:049][487]LogModuleManager: Shutting down and abandoning module TcpMessaging (244)
[2020.07.30-09.38.15:149][487]LogModuleManager: Shutting down and abandoning module GameplayTagsEditor (242)
[2020.07.30-09.38.15:149][487]LogModuleManager: Shutting down and abandoning module FacialAnimationEditor (240)
[2020.07.30-09.38.15:149][487]LogModuleManager: Shutting down and abandoning module FacialAnimation (238)
[2020.07.30-09.38.15:149][487]LogModuleManager: Shutting down and abandoning module AssetManagerEditor (236)
[2020.07.30-09.38.15:149][487]LogModuleManager: Shutting down and abandoning module GraphEditor (235)
[2020.07.30-09.38.15:149][487]LogModuleManager: Shutting down and abandoning module ContentBrowser (233)
[2020.07.30-09.38.15:149][487]LogModuleManager: Shutting down and abandoning module LightPropagationVolumeRuntime (230)
[2020.07.30-09.38.15:149][487]LogModuleManager: Shutting down and abandoning module Paper2D (228)
[2020.07.30-09.38.15:149][487]LogModuleManager: Shutting down and abandoning module WindowsMoviePlayer (226)
[2020.07.30-09.38.15:150][487]LogModuleManager: Shutting down and abandoning module WmfMedia (224)
[2020.07.30-09.38.15:151][487]LogModuleManager: Shutting down and abandoning module PacketHandler (222)
[2020.07.30-09.38.15:151][487]LogModuleManager: Shutting down and abandoning module ClothingSystemEditor (220)
[2020.07.30-09.38.15:151][487]LogModuleManager: Shutting down and abandoning module ClothingSystemRuntime (218)
[2020.07.30-09.38.15:151][487]LogModuleManager: Shutting down and abandoning module Overlay (216)
[2020.07.30-09.38.15:151][487]LogModuleManager: Shutting down and abandoning module OverlayEditor (215)
[2020.07.30-09.38.15:151][487]LogModuleManager: Shutting down and abandoning module MediaAssets (212)
[2020.07.30-09.38.15:151][487]LogModuleManager: Shutting down and abandoning module VREditor (210)
[2020.07.30-09.38.15:152][487]LogModuleManager: Shutting down and abandoning module StringTableEditor (208)
[2020.07.30-09.38.15:152][487]LogModuleManager: Shutting down and abandoning module GameplayTasksEditor (206)
[2020.07.30-09.38.15:152][487]LogModuleManager: Shutting down and abandoning module BehaviorTreeEditor (204)
[2020.07.30-09.38.15:152][487]LogModuleManager: Shutting down and abandoning module FunctionalTesting (202)
[2020.07.30-09.38.15:152][487]LogModuleManager: Shutting down and abandoning module CollisionAnalyzer (200)
[2020.07.30-09.38.15:152][487]LogModuleManager: Shutting down and abandoning module WorkspaceMenuStructure (199)
[2020.07.30-09.38.15:152][487]LogModuleManager: Shutting down and abandoning module UMG (196)
[2020.07.30-09.38.15:152][487]LogModuleManager: Shutting down and abandoning module UMGEditor (195)
[2020.07.30-09.38.15:152][487]LogModuleManager: Shutting down and abandoning module Sequencer (194)
[2020.07.30-09.38.15:152][487]LogModuleManager: Shutting down and abandoning module MessageLog (191)
[2020.07.30-09.38.15:152][487]LogModuleManager: Shutting down and abandoning module SlateReflector (186)
[2020.07.30-09.38.15:152][487]LogModuleManager: Shutting down and abandoning module Slate (184)
[2020.07.30-09.38.15:152][487]LogModuleManager: Shutting down and abandoning module EditorStyle (182)
[2020.07.30-09.38.15:154][487]LogModuleManager: Shutting down and abandoning module MRMesh (180)
[2020.07.30-09.38.15:154][487]LogModuleManager: Shutting down and abandoning module SourceCodeAccess (178)
[2020.07.30-09.38.15:154][487]LogModuleManager: Shutting down and abandoning module HeadMountedDisplay (176)
[2020.07.30-09.38.15:154][487]LogModuleManager: Shutting down and abandoning module XAudio2 (174)
[2020.07.30-09.38.15:154][487]LogModuleManager: Shutting down and abandoning module Networking (172)
[2020.07.30-09.38.15:154][487]LogModuleManager: Shutting down and abandoning module Core (168)
[2020.07.30-09.38.15:154][487]LogModuleManager: Shutting down and abandoning module KismetCompiler (164)
[2020.07.30-09.38.15:155][487]LogModuleManager: Shutting down and abandoning module LevelSequence (162)
[2020.07.30-09.38.15:155][487]LogModuleManager: Shutting down and abandoning module MeshUtilities (160)
[2020.07.30-09.38.15:155][487]LogModuleManager: Shutting down and abandoning module MeshMergeUtilities (159)
[2020.07.30-09.38.15:155][487]LogModuleManager: Shutting down and abandoning module MeshReductionInterface (158)
[2020.07.30-09.38.15:155][487]LogModuleManager: Shutting down and abandoning module SimplygonSwarm (157)
[2020.07.30-09.38.15:155][487]LogModuleManager: Shutting down and abandoning module SimplygonMeshReduction (155)
[2020.07.30-09.38.15:155][487]LogModuleManager: Shutting down and abandoning module QuadricMeshReduction (153)
[2020.07.30-09.38.15:155][487]LogModuleManager: Shutting down and abandoning module MaterialBaking (149)
[2020.07.30-09.38.15:155][487]LogModuleManager: Shutting down and abandoning module DirectoryWatcher (146)
[2020.07.30-09.38.15:157][487]LogModuleManager: Shutting down and abandoning module DerivedDataCache (144)
[2020.07.30-09.38.15:246][487]LogDerivedDataCache: Shutdown
[2020.07.30-09.38.15:246][487]LogModuleManager: Shutting down and abandoning module TargetPlatform (142)
[2020.07.30-09.38.15:247][487]LogModuleManager: Shutting down and abandoning module VulkanShaderFormat (141)
[2020.07.30-09.38.15:247][487]LogModuleManager: Shutting down and abandoning module ShaderFormatVectorVM (139)
[2020.07.30-09.38.15:247][487]LogModuleManager: Shutting down and abandoning module ShaderFormatOpenGL (137)
[2020.07.30-09.38.15:247][487]LogModuleManager: Shutting down and abandoning module ShaderFormatD3D (135)
[2020.07.30-09.38.15:247][487]LogModuleManager: Shutting down and abandoning module MetalShaderFormat (133)
[2020.07.30-09.38.15:247][487]LogModuleManager: Shutting down and abandoning module TextureFormatUncompressed (131)
[2020.07.30-09.38.15:247][487]LogModuleManager: Shutting down and abandoning module TextureFormatPVR (129)
[2020.07.30-09.38.15:247][487]LogModuleManager: Shutting down and abandoning module TextureFormatDXT (127)
[2020.07.30-09.38.15:247][487]LogModuleManager: Shutting down and abandoning module TextureFormatIntelISPCTexComp (125)
[2020.07.30-09.38.15:247][487]LogModuleManager: Shutting down and abandoning module TextureFormatASTC (123)
[2020.07.30-09.38.15:247][487]LogModuleManager: Shutting down and abandoning module ImageWrapper (122)
[2020.07.30-09.38.15:247][487]LogModuleManager: Shutting down and abandoning module TextureFormatAndroid (119)
[2020.07.30-09.38.15:247][487]LogModuleManager: Shutting down and abandoning module AudioFormatOpus (117)
[2020.07.30-09.38.15:247][487]LogModuleManager: Shutting down and abandoning module AudioFormatOgg (115)
[2020.07.30-09.38.15:247][487]LogModuleManager: Shutting down and abandoning module AudioFormatADPCM (113)
[2020.07.30-09.38.15:247][487]LogModuleManager: Shutting down and abandoning module LinuxTargetPlatform (111)
[2020.07.30-09.38.15:247][487]LogModuleManager: Shutting down and abandoning module LinuxServerTargetPlatform (109)
[2020.07.30-09.38.15:247][487]LogModuleManager: Shutting down and abandoning module LinuxNoEditorTargetPlatform (107)
[2020.07.30-09.38.15:247][487]LogModuleManager: Shutting down and abandoning module LinuxClientTargetPlatform (105)
[2020.07.30-09.38.15:247][487]LogModuleManager: Shutting down and abandoning module TVOSTargetPlatform (103)
[2020.07.30-09.38.15:247][487]LogModuleManager: Shutting down and abandoning module Messaging (101)
[2020.07.30-09.38.15:247][487]LogModuleManager: Shutting down and abandoning module IOSTargetPlatform (99)
[2020.07.30-09.38.15:247][487]LogModuleManager: Shutting down and abandoning module HTML5TargetPlatform (97)
[2020.07.30-09.38.15:247][487]LogModuleManager: Shutting down and abandoning module Android_PVRTCTargetPlatform (95)
[2020.07.30-09.38.15:247][487]LogModuleManager: Shutting down and abandoning module Android_MultiTargetPlatform (93)
[2020.07.30-09.38.15:247][487]LogModuleManager: Shutting down and abandoning module Android_ETC2TargetPlatform (91)
[2020.07.30-09.38.15:247][487]LogModuleManager: Shutting down and abandoning module Android_ETC1TargetPlatform (89)
[2020.07.30-09.38.15:247][487]LogModuleManager: Shutting down and abandoning module Android_DXTTargetPlatform (87)
[2020.07.30-09.38.15:247][487]LogModuleManager: Shutting down and abandoning module Android_ATCTargetPlatform (85)
[2020.07.30-09.38.15:247][487]LogModuleManager: Shutting down and abandoning module Android_ASTCTargetPlatform (83)
[2020.07.30-09.38.15:247][487]LogModuleManager: Shutting down and abandoning module AndroidTargetPlatform (81)
[2020.07.30-09.38.15:247][487]LogModuleManager: Shutting down and abandoning module WindowsTargetPlatform (79)
[2020.07.30-09.38.15:247][487]LogModuleManager: Shutting down and abandoning module WindowsServerTargetPlatform (77)
[2020.07.30-09.38.15:247][487]LogModuleManager: Shutting down and abandoning module WindowsNoEditorTargetPlatform (75)
[2020.07.30-09.38.15:247][487]LogModuleManager: Shutting down and abandoning module WindowsClientTargetPlatform (73)
[2020.07.30-09.38.15:247][487]LogModuleManager: Shutting down and abandoning module MacTargetPlatform (71)
[2020.07.30-09.38.15:247][487]LogModuleManager: Shutting down and abandoning module MacServerTargetPlatform (69)
[2020.07.30-09.38.15:247][487]LogModuleManager: Shutting down and abandoning module MacNoEditorTargetPlatform (67)
[2020.07.30-09.38.15:247][487]LogModuleManager: Shutting down and abandoning module MacClientTargetPlatform (65)
[2020.07.30-09.38.15:247][487]LogModuleManager: Shutting down and abandoning module AllDesktopTargetPlatform (63)
[2020.07.30-09.38.15:247][487]LogModuleManager: Shutting down and abandoning module InputCore (60)
[2020.07.30-09.38.15:247][487]LogModuleManager: Shutting down and abandoning module Settings (58)
[2020.07.30-09.38.15:247][487]LogModuleManager: Shutting down and abandoning module PhysXCooking (56)
[2020.07.30-09.38.15:247][487]LogModuleManager: Shutting down and abandoning module SteamVR (54)
[2020.07.30-09.38.15:247][487]LogModuleManager: Shutting down and abandoning module OculusHMD (52)
[2020.07.30-09.38.15:247][487]LogModuleManager: Shutting down and abandoning module ExampleDeviceProfileSelector (50)
[2020.07.30-09.38.15:247][487]LogModuleManager: Shutting down and abandoning module OnlineBlueprintSupport (48)
[2020.07.30-09.38.15:248][487]LogModuleManager: Shutting down and abandoning module OnlineSubsystem (44)
[2020.07.30-09.38.15:248][487]LogOnline: Display: Unloading online subsystem: NULL
[2020.07.30-09.38.15:248][487]LogModuleManager: Shutting down and abandoning module XMPP (43)
[2020.07.30-09.38.15:248][487]LogModuleManager: Shutting down and abandoning module HTTP (41)
[2020.07.30-09.38.15:248][487]LogHttp: Display: Http module shutting down, but needs to wait on 1 outstanding Http requests:
[2020.07.30-09.38.15:248][487]LogHttp: Display: 	verb=[POST] url=[https://datarouter.ol.epicgames.com/datarouter/api/v1/public/data?SessionID=%7BDB0A2ECC-407F-DD50-0033-309C34194A61%7D&AppID=UEEditor.Rocket.Release&AppVersion=4.17.2-3658906%2B%2B%2BUE4%2BRelease-4.17&UserID=a85729d74eeaeb3d298edba6b6939552%7C4873c9ba91b948aeb324e10d19ee9502%7C80402594-cf78-4fff-bf7e-3274bf9299d4&AppEnvironment=datacollector-binary&UploadType=eteventstream] status=Processing
[2020.07.30-09.38.15:254][487]LogModuleManager: Shutting down and abandoning module SSL (40)
[2020.07.30-09.38.15:255][487]LogModuleManager: Shutting down and abandoning module AnimationModifiers (36)
[2020.07.30-09.38.15:255][487]LogModuleManager: Shutting down and abandoning module PropertyEditor (35)
[2020.07.30-09.38.15:255][487]LogModuleManager: Shutting down and abandoning module AudioEditor (32)
[2020.07.30-09.38.15:256][487]LogModuleManager: Shutting down and abandoning module TextureCompressor (30)
[2020.07.30-09.38.15:256][487]LogModuleManager: Shutting down and abandoning module ShaderCore (28)
[2020.07.30-09.38.15:256][487]LogModuleManager: Shutting down and abandoning module Landscape (26)
[2020.07.30-09.38.15:256][487]LogModuleManager: Shutting down and abandoning module SlateRHIRenderer (24)
[2020.07.30-09.38.15:257][487]LogModuleManager: Shutting down and abandoning module OpenGLDrv (22)
[2020.07.30-09.38.15:257][487]LogModuleManager: Shutting down and abandoning module D3D11RHI (20)
[2020.07.30-09.38.15:257][487]LogModuleManager: Shutting down and abandoning module AnimGraphRuntime (18)
[2020.07.30-09.38.15:257][487]LogModuleManager: Shutting down and abandoning module Renderer (16)
[2020.07.30-09.38.15:257][487]LogModuleManager: Shutting down and abandoning module Engine (14)
[2020.07.30-09.38.15:257][487]LogModuleManager: Shutting down and abandoning module CoreUObject (12)
[2020.07.30-09.38.15:257][487]LogModuleManager: Shutting down and abandoning module NetworkFile (10)
[2020.07.30-09.38.15:257][487]LogModuleManager: Shutting down and abandoning module CookedIterativeFile (8)
[2020.07.30-09.38.15:257][487]LogModuleManager: Shutting down and abandoning module StreamingFile (6)
[2020.07.30-09.38.15:257][487]LogModuleManager: Shutting down and abandoning module SandboxFile (4)
[2020.07.30-09.38.15:257][487]LogModuleManager: Shutting down and abandoning module PakFile (2)
[2020.07.30-09.38.15:262][487]LogExit: Exiting.
[2020.07.30-09.38.15:273][487]Log file closed, 07/30/20 18:38:15
